<?xml version="1.0" encoding="UTF-8"?>
<testsuite name="ohtu.verkkokauppa.KauppaTest" tests="8" skipped="0" failures="0" errors="0" timestamp="2017-04-22T08:48:12" hostname="Pesonen-PC" time="0.603">
  <properties/>
  <testcase name="pyydetaanUusiViite" classname="ohtu.verkkokauppa.KauppaTest" time="0.594"/>
  <testcase name="ostoksenPaaytyttyaPankinMetodiTilisiirtoSaaOikeatArvotKunTuoteOnLoppu" classname="ohtu.verkkokauppa.KauppaTest" time="0.003"/>
  <testcase name="aloitaAsiointiNollaaEdellisenOstoksen" classname="ohtu.verkkokauppa.KauppaTest" time="0.001"/>
  <testcase name="ostoksenPaaytyttyaPankinMetodiTilisiirtoSaaOikeatArvotMonellaEriTuotteella" classname="ohtu.verkkokauppa.KauppaTest" time="0.001"/>
  <testcase name="ostoksenPaaytyttyaPankinMetodiaTilisiirtoKutsutaan" classname="ohtu.verkkokauppa.KauppaTest" time="0.001"/>
  <testcase name="poistaKoristaToimii" classname="ohtu.verkkokauppa.KauppaTest" time="0.001"/>
  <testcase name="ostoksenPaaytyttyaPankinMetodiTilisiirtoSaaOikeatArvotMonellaSamallaTuotteella" classname="ohtu.verkkokauppa.KauppaTest" time="0.001"/>
  <testcase name="ostoksenPaaytyttyaPankinMetodiTilisiirtoSaaOikeatArvotYhdellaTuotteella" classname="ohtu.verkkokauppa.KauppaTest" time="0.001"/>
  <system-out><![CDATA[]]></system-out>
  <system-err><![CDATA[]]></system-err>
</testsuite>
